Started GET "/" for 127.0.0.1 at 2017-10-14 16:43:37 -0700

PG::ConnectionBad - could not connect to server: No such file or directory
	Is the server running locally and accepting
	connections on Unix domain socket "/tmp/.s.PGSQL.5432"?
:

Started POST "/__better_errors/958de73cb3adf26a/variables" for 127.0.0.1 at 2017-10-14 16:43:39 -0700
Started GET "/" for 127.0.0.1 at 2017-10-14 17:01:43 -0700

PG::ConnectionBad - could not connect to server: No such file or directory
	Is the server running locally and accepting
	connections on Unix domain socket "/tmp/.s.PGSQL.5432"?
:

Started POST "/__better_errors/f155207a8a0ce809/variables" for 127.0.0.1 at 2017-10-14 17:01:44 -0700
Started GET "/" for 127.0.0.1 at 2017-10-14 17:06:16 -0700

PG::ConnectionBad - FATAL:  database "db/development_pg" does not exist
:

Started POST "/__better_errors/78fb3f70f7611667/variables" for 127.0.0.1 at 2017-10-14 17:06:17 -0700
  [1m[35mSQL (0.8ms)[0m  [1m[35mCREATE EXTENSION IF NOT EXISTS "plpgsql"[0m
  [1m[35m (6.0ms)[0m  [1m[35mCREATE TABLE "interests" ("id" serial primary key, "name" character varying(32) NOT NULL, "timeSlot" character varying, "location" character varying, "description" character varying, "created_at" timestamp NOT NULL, "updated_at" timestamp NOT NULL)[0m
  [1m[35m (2.7ms)[0m  [1m[35mCREATE TABLE "user_interest_mappings" ("id" serial primary key, "userID" character varying NOT NULL, "interestID" character varying NOT NULL, "desciption" character varying, "created_at" timestamp NOT NULL, "updated_at" timestamp NOT NULL)[0m
  [1m[35m (2.7ms)[0m  [1m[35mCREATE TABLE "users" ("id" serial primary key, "email" character varying DEFAULT '' NOT NULL, "encrypted_password" character varying DEFAULT '' NOT NULL, "reset_password_token" character varying, "reset_password_sent_at" timestamp, "remember_created_at" timestamp, "sign_in_count" integer DEFAULT 0 NOT NULL, "current_sign_in_at" timestamp, "last_sign_in_at" timestamp, "current_sign_in_ip" character varying, "last_sign_in_ip" character varying, "created_at" timestamp, "updated_at" timestamp, "name" character varying)[0m
  [1m[35m (1.0ms)[0m  [1m[35mCREATE UNIQUE INDEX  "index_users_on_email" ON "users" USING btree ("email")[0m
  [1m[35m (0.7ms)[0m  [1m[35mCREATE UNIQUE INDEX  "index_users_on_reset_password_token" ON "users" USING btree ("reset_password_token")[0m
  [1m[35m (1.9ms)[0m  [1m[35mCREATE TABLE "schema_migrations" ("version" character varying PRIMARY KEY)[0m
  [1m[35m (0.3ms)[0m  [1m[34mSELECT version FROM "schema_migrations"[0m
  [1m[35m (0.4ms)[0m  [1m[32mINSERT INTO "schema_migrations" (version) VALUES (20171014175639)[0m
  [1m[35m (0.4ms)[0m  [1m[32mINSERT INTO "schema_migrations" (version) VALUES
(20140224203310),
(20140224203311),
(20171014165453),
(20171014170926);

[0m
  [1m[35m (1.8ms)[0m  [1m[35mCREATE TABLE "ar_internal_metadata" ("key" character varying PRIMARY KEY, "value" character varying, "created_at" timestamp NOT NULL, "updated_at" timestamp NOT NULL)[0m
  [1m[36mActiveRecord::InternalMetadata Load (0.4ms)[0m  [1m[34mSELECT  "ar_internal_metadata".* FROM "ar_internal_metadata" WHERE "ar_internal_metadata"."key" = $1 LIMIT $2[0m  [["key", "environment"], ["LIMIT", 1]]
  [1m[35m (0.1ms)[0m  [1m[35mBEGIN[0m
  [1m[35mSQL (0.5ms)[0m  [1m[32mINSERT INTO "ar_internal_metadata" ("key", "value", "created_at", "updated_at") VALUES ($1, $2, $3, $4) RETURNING "key"[0m  [["key", "environment"], ["value", "development"], ["created_at", "2017-10-15 00:10:08.498034"], ["updated_at", "2017-10-15 00:10:08.498034"]]
  [1m[35m (0.3ms)[0m  [1m[35mCOMMIT[0m
  [1m[36mActiveRecord::InternalMetadata Load (0.1ms)[0m  [1m[34mSELECT  "ar_internal_metadata".* FROM "ar_internal_metadata" WHERE "ar_internal_metadata"."key" = $1 LIMIT $2[0m  [["key", "environment"], ["LIMIT", 1]]
  [1m[35m (0.1ms)[0m  [1m[35mBEGIN[0m
  [1m[35m (0.1ms)[0m  [1m[35mCOMMIT[0m
  [1m[35mSQL (0.2ms)[0m  [1m[35mCREATE EXTENSION IF NOT EXISTS "plpgsql"[0m
  [1m[35m (4.7ms)[0m  [1m[35mCREATE TABLE "interests" ("id" serial primary key, "name" character varying(32) NOT NULL, "timeSlot" character varying, "location" character varying, "description" character varying, "created_at" timestamp NOT NULL, "updated_at" timestamp NOT NULL)[0m
  [1m[35m (3.0ms)[0m  [1m[35mCREATE TABLE "user_interest_mappings" ("id" serial primary key, "userID" character varying NOT NULL, "interestID" character varying NOT NULL, "desciption" character varying, "created_at" timestamp NOT NULL, "updated_at" timestamp NOT NULL)[0m
  [1m[35m (3.3ms)[0m  [1m[35mCREATE TABLE "users" ("id" serial primary key, "email" character varying DEFAULT '' NOT NULL, "encrypted_password" character varying DEFAULT '' NOT NULL, "reset_password_token" character varying, "reset_password_sent_at" timestamp, "remember_created_at" timestamp, "sign_in_count" integer DEFAULT 0 NOT NULL, "current_sign_in_at" timestamp, "last_sign_in_at" timestamp, "current_sign_in_ip" character varying, "last_sign_in_ip" character varying, "created_at" timestamp, "updated_at" timestamp, "name" character varying)[0m
  [1m[35m (1.4ms)[0m  [1m[35mCREATE UNIQUE INDEX  "index_users_on_email" ON "users" USING btree ("email")[0m
  [1m[35m (0.9ms)[0m  [1m[35mCREATE UNIQUE INDEX  "index_users_on_reset_password_token" ON "users" USING btree ("reset_password_token")[0m
  [1m[35m (2.1ms)[0m  [1m[35mCREATE TABLE "schema_migrations" ("version" character varying PRIMARY KEY)[0m
  [1m[35m (0.6ms)[0m  [1m[34mSELECT version FROM "schema_migrations"[0m
  [1m[35m (0.4ms)[0m  [1m[32mINSERT INTO "schema_migrations" (version) VALUES (20171014175639)[0m
  [1m[35m (0.3ms)[0m  [1m[32mINSERT INTO "schema_migrations" (version) VALUES
(20140224203310),
(20140224203311),
(20171014165453),
(20171014170926);

[0m
  [1m[35m (1.8ms)[0m  [1m[35mCREATE TABLE "ar_internal_metadata" ("key" character varying PRIMARY KEY, "value" character varying, "created_at" timestamp NOT NULL, "updated_at" timestamp NOT NULL)[0m
  [1m[36mActiveRecord::InternalMetadata Load (0.2ms)[0m  [1m[34mSELECT  "ar_internal_metadata".* FROM "ar_internal_metadata" WHERE "ar_internal_metadata"."key" = $1 LIMIT $2[0m  [["key", "environment"], ["LIMIT", 1]]
  [1m[35m (0.1ms)[0m  [1m[35mBEGIN[0m
  [1m[35mSQL (0.2ms)[0m  [1m[32mINSERT INTO "ar_internal_metadata" ("key", "value", "created_at", "updated_at") VALUES ($1, $2, $3, $4) RETURNING "key"[0m  [["key", "environment"], ["value", "development"], ["created_at", "2017-10-15 00:10:08.562564"], ["updated_at", "2017-10-15 00:10:08.562564"]]
  [1m[35m (0.2ms)[0m  [1m[35mCOMMIT[0m
  [1m[36mActiveRecord::InternalMetadata Load (0.1ms)[0m  [1m[34mSELECT  "ar_internal_metadata".* FROM "ar_internal_metadata" WHERE "ar_internal_metadata"."key" = $1 LIMIT $2[0m  [["key", "environment"], ["LIMIT", 1]]
  [1m[35m (0.1ms)[0m  [1m[35mBEGIN[0m
  [1m[35m (0.1ms)[0m  [1m[35mCOMMIT[0m
  [1m[36mActiveRecord::SchemaMigration Load (0.5ms)[0m  [1m[34mSELECT "schema_migrations".* FROM "schema_migrations"[0m
  [1m[36mUser Load (0.3ms)[0m  [1m[34mSELECT  "users".* FROM "users" WHERE "users"."email" = $1 LIMIT $2[0m  [["email", "user@example.com"], ["LIMIT", 1]]
  [1m[35m (0.2ms)[0m  [1m[35mBEGIN[0m
  [1m[36mUser Exists (0.3ms)[0m  [1m[34mSELECT  1 AS one FROM "users" WHERE "users"."email" = $1 LIMIT $2[0m  [["email", "user@example.com"], ["LIMIT", 1]]
  [1m[35mSQL (0.6ms)[0m  [1m[32mINSERT INTO "users" ("email", "encrypted_password", "created_at", "updated_at") VALUES ($1, $2, $3, $4) RETURNING "id"[0m  [["email", "user@example.com"], ["encrypted_password", "$2a$11$l/inIexY1ZKeUyWm0Y4ZguMalwFTEsUFMF/V6tEEgUD5giN8GbV3W"], ["created_at", "2017-10-15 00:10:08.758432"], ["updated_at", "2017-10-15 00:10:08.758432"]]
  [1m[35m (2.3ms)[0m  [1m[35mCOMMIT[0m
  [1m[35m (0.2ms)[0m  [1m[35mBEGIN[0m
  [1m[35mSQL (0.5ms)[0m  [1m[32mINSERT INTO "interests" ("name", "timeSlot", "location", "description", "created_at", "updated_at") VALUES ($1, $2, $3, $4, $5, $6) RETURNING "id"[0m  [["name", "food"], ["timeSlot", "1-5"], ["location", "Isla Vista"], ["description", "blehh"], ["created_at", "2017-10-15 00:10:08.775440"], ["updated_at", "2017-10-15 00:10:08.775440"]]
  [1m[35m (0.3ms)[0m  [1m[35mCOMMIT[0m
  [1m[35m (0.2ms)[0m  [1m[34mSELECT pg_try_advisory_lock(6912912541936343250);[0m
  [1m[36mActiveRecord::SchemaMigration Load (0.3ms)[0m  [1m[34mSELECT "schema_migrations".* FROM "schema_migrations"[0m
  [1m[36mActiveRecord::InternalMetadata Load (0.4ms)[0m  [1m[34mSELECT  "ar_internal_metadata".* FROM "ar_internal_metadata" WHERE "ar_internal_metadata"."key" = $1 LIMIT $2[0m  [["key", "environment"], ["LIMIT", 1]]
  [1m[35m (0.1ms)[0m  [1m[35mBEGIN[0m
  [1m[35m (0.1ms)[0m  [1m[35mCOMMIT[0m
  [1m[35m (0.3ms)[0m  [1m[34mSELECT pg_advisory_unlock(6912912541936343250)[0m
  [1m[36mActiveRecord::SchemaMigration Load (0.1ms)[0m  [1m[34mSELECT "schema_migrations".* FROM "schema_migrations"[0m
  [1m[36mActiveRecord::SchemaMigration Load (0.3ms)[0m  [1m[34mSELECT "schema_migrations".* FROM "schema_migrations"[0m
  [1m[36mUser Load (0.4ms)[0m  [1m[34mSELECT  "users".* FROM "users" WHERE "users"."email" = $1 LIMIT $2[0m  [["email", "user@example.com"], ["LIMIT", 1]]
  [1m[35m (0.1ms)[0m  [1m[35mBEGIN[0m
  [1m[35mSQL (0.4ms)[0m  [1m[32mINSERT INTO "interests" ("name", "timeSlot", "location", "description", "created_at", "updated_at") VALUES ($1, $2, $3, $4, $5, $6) RETURNING "id"[0m  [["name", "food"], ["timeSlot", "1-5"], ["location", "Isla Vista"], ["description", "blehh"], ["created_at", "2017-10-15 00:10:31.037955"], ["updated_at", "2017-10-15 00:10:31.037955"]]
  [1m[35m (2.2ms)[0m  [1m[35mCOMMIT[0m
Started GET "/" for 127.0.0.1 at 2017-10-14 17:10:40 -0700
  [1m[36mActiveRecord::SchemaMigration Load (0.3ms)[0m  [1m[34mSELECT "schema_migrations".* FROM "schema_migrations"[0m
Processing by VisitorsController#index as HTML
  Rendering visitors/index.html.erb within layouts/application
  [1m[35m (0.4ms)[0m  [1m[34mSELECT COUNT(*) FROM "users"[0m
  Rendered visitors/index.html.erb within layouts/application (7.6ms)
  Rendered layouts/_navigation_links.html.erb (1.1ms)
  Rendered layouts/_nav_links_for_auth.html.erb (5.6ms)
  Rendered layouts/_navigation.html.erb (9.8ms)
  Rendered layouts/_messages.html.erb (1.1ms)
Completed 200 OK in 3313ms (Views: 3296.7ms | ActiveRecord: 1.9ms)


Started GET "/" for 127.0.0.1 at 2017-10-14 17:15:17 -0700
Processing by VisitorsController#index as HTML
  Rendering visitors/index.html.erb within layouts/application
  [1m[35m (0.3ms)[0m  [1m[34mSELECT COUNT(*) FROM "users"[0m
  Rendered visitors/index.html.erb within layouts/application (1.9ms)
  Rendered layouts/_navigation_links.html.erb (0.5ms)
  Rendered layouts/_nav_links_for_auth.html.erb (0.8ms)
  Rendered layouts/_navigation.html.erb (4.6ms)
  Rendered layouts/_messages.html.erb (0.4ms)
Completed 200 OK in 72ms (Views: 69.1ms | ActiveRecord: 0.3ms)


Started GET "/" for 127.0.0.1 at 2017-10-14 17:15:19 -0700
Processing by VisitorsController#index as HTML
  Rendering visitors/index.html.erb within layouts/application
  [1m[35m (0.8ms)[0m  [1m[34mSELECT COUNT(*) FROM "users"[0m
  Rendered visitors/index.html.erb within layouts/application (2.0ms)
  Rendered layouts/_navigation_links.html.erb (0.4ms)
  Rendered layouts/_nav_links_for_auth.html.erb (0.7ms)
  Rendered layouts/_navigation.html.erb (3.9ms)
  Rendered layouts/_messages.html.erb (0.4ms)
Completed 200 OK in 51ms (Views: 48.4ms | ActiveRecord: 0.8ms)


Started GET "/" for 127.0.0.1 at 2017-10-14 17:27:41 -0700
  [1m[36mActiveRecord::SchemaMigration Load (0.3ms)[0m  [1m[34mSELECT "schema_migrations".* FROM "schema_migrations"[0m
Processing by VisitorsController#index as HTML
  Rendering visitors/index.html.erb within layouts/application
  [1m[35m (0.3ms)[0m  [1m[34mSELECT COUNT(*) FROM "users"[0m
  Rendered visitors/index.html.erb within layouts/application (6.5ms)
  Rendered layouts/_navigation_links.html.erb (0.5ms)
  Rendered layouts/_nav_links_for_auth.html.erb (6.0ms)
  Rendered layouts/_navigation.html.erb (9.0ms)
  Rendered layouts/_messages.html.erb (0.4ms)
Completed 200 OK in 310ms (Views: 292.9ms | ActiveRecord: 1.5ms)


Started GET "/" for 127.0.0.1 at 2017-10-14 17:27:45 -0700
Processing by VisitorsController#index as HTML
  Rendering visitors/index.html.erb within layouts/application
  [1m[35m (9.7ms)[0m  [1m[34mSELECT COUNT(*) FROM "users"[0m
  Rendered visitors/index.html.erb within layouts/application (11.3ms)
  Rendered layouts/_navigation_links.html.erb (0.5ms)
  Rendered layouts/_nav_links_for_auth.html.erb (0.6ms)
  Rendered layouts/_navigation.html.erb (4.1ms)
  Rendered layouts/_messages.html.erb (0.4ms)
Completed 200 OK in 68ms (Views: 56.2ms | ActiveRecord: 9.7ms)


Started GET "/users/sign_in" for 127.0.0.1 at 2017-10-14 17:27:47 -0700
Processing by Devise::SessionsController#new as HTML
  Rendering devise/sessions/new.html.erb within layouts/application
  Rendered devise/sessions/new.html.erb within layouts/application (457.9ms)
  Rendered layouts/_navigation_links.html.erb (0.6ms)
  Rendered layouts/_nav_links_for_auth.html.erb (1.1ms)
  Rendered layouts/_navigation.html.erb (6.2ms)
  Rendered layouts/_messages.html.erb (0.7ms)
Completed 200 OK in 537ms (Views: 514.9ms | ActiveRecord: 3.9ms)


Started POST "/users/sign_in" for 127.0.0.1 at 2017-10-14 17:27:49 -0700
Processing by Devise::SessionsController#create as HTML
  Parameters: {"utf8"=>"✓", "authenticity_token"=>"kHf/uOUi2+oY3LnEW3NDm2eeoHv/KXz/MwmjkinPUdwvTfdYnE05KbErSTsqPcrdlieK7S9k/a0XgracO/EgoQ==", "user"=>{"email"=>"asdlaksjd@dajd.com", "password"=>"[FILTERED]", "remember_me"=>"0"}, "commit"=>"Sign in"}
  [1m[36mUser Load (0.7ms)[0m  [1m[34mSELECT  "users".* FROM "users" WHERE "users"."email" = $1 ORDER BY "users"."id" ASC LIMIT $2[0m  [["email", "asdlaksjd@dajd.com"], ["LIMIT", 1]]
Completed 401 Unauthorized in 3ms (ActiveRecord: 0.7ms)


Processing by Devise::SessionsController#new as HTML
  Parameters: {"utf8"=>"✓", "authenticity_token"=>"kHf/uOUi2+oY3LnEW3NDm2eeoHv/KXz/MwmjkinPUdwvTfdYnE05KbErSTsqPcrdlieK7S9k/a0XgracO/EgoQ==", "user"=>{"email"=>"asdlaksjd@dajd.com", "password"=>"[FILTERED]", "remember_me"=>"0"}, "commit"=>"Sign in"}
  Rendering devise/sessions/new.html.erb within layouts/application
  Rendered devise/sessions/new.html.erb within layouts/application (2.3ms)
  Rendered layouts/_navigation_links.html.erb (0.4ms)
  Rendered layouts/_nav_links_for_auth.html.erb (0.6ms)
  Rendered layouts/_navigation.html.erb (3.6ms)
  Rendered layouts/_messages.html.erb (0.5ms)
Completed 200 OK in 213ms (Views: 55.7ms | ActiveRecord: 0.0ms)


Started GET "/users/sign_up" for 127.0.0.1 at 2017-10-14 17:27:53 -0700
Processing by Devise::RegistrationsController#new as HTML
  Rendering devise/registrations/new.html.erb within layouts/application
  Rendered devise/registrations/new.html.erb within layouts/application (4.2ms)
  Rendered layouts/_navigation_links.html.erb (0.3ms)
  Rendered layouts/_nav_links_for_auth.html.erb (0.9ms)
  Rendered layouts/_navigation.html.erb (3.9ms)
  Rendered layouts/_messages.html.erb (0.5ms)
Completed 200 OK in 77ms (Views: 75.6ms | ActiveRecord: 0.0ms)


Started POST "/users" for 127.0.0.1 at 2017-10-14 17:28:05 -0700
Processing by Devise::RegistrationsController#create as HTML
  Parameters: {"utf8"=>"✓", "authenticity_token"=>"x1N574yYjBJ7gxNYQV+CiR0xXtLgCZfGPo+Zi8O2SIX/VCgXOFcbzokPHvkIH2WAd+2zRbbv7R3tUfmBX2MiDw==", "user"=>{"name"=>"asdasd ", "email"=>"asdasd@fafdasdasd.com", "password"=>"[FILTERED]", "password_confirmation"=>"[FILTERED]"}, "commit"=>"Sign up"}
  [1m[35m (0.1ms)[0m  [1m[35mBEGIN[0m
  [1m[36mUser Exists (0.3ms)[0m  [1m[34mSELECT  1 AS one FROM "users" WHERE "users"."email" = $1 LIMIT $2[0m  [["email", "asdasd@fafdasdasd.com"], ["LIMIT", 1]]
  [1m[35mSQL (0.4ms)[0m  [1m[32mINSERT INTO "users" ("email", "encrypted_password", "created_at", "updated_at", "name") VALUES ($1, $2, $3, $4, $5) RETURNING "id"[0m  [["email", "asdasd@fafdasdasd.com"], ["encrypted_password", "$2a$11$JGcTVQEM7OowrUufB./Tp.ycvVUN3ZAUes04/zFqAB./2iewvWzDi"], ["created_at", "2017-10-15 00:28:05.390306"], ["updated_at", "2017-10-15 00:28:05.390306"], ["name", "asdasd "]]
  [1m[35m (1.9ms)[0m  [1m[35mCOMMIT[0m
  [1m[35m (0.1ms)[0m  [1m[35mBEGIN[0m
  [1m[35mSQL (0.3ms)[0m  [1m[33mUPDATE "users" SET "sign_in_count" = $1, "current_sign_in_at" = $2, "last_sign_in_at" = $3, "current_sign_in_ip" = $4, "last_sign_in_ip" = $5, "updated_at" = $6 WHERE "users"."id" = $7[0m  [["sign_in_count", 1], ["current_sign_in_at", "2017-10-15 00:28:05.394205"], ["last_sign_in_at", "2017-10-15 00:28:05.394205"], ["current_sign_in_ip", "127.0.0.1"], ["last_sign_in_ip", "127.0.0.1"], ["updated_at", "2017-10-15 00:28:05.394771"], ["id", 2]]
  [1m[35m (0.2ms)[0m  [1m[35mCOMMIT[0m
Redirected to http://localhost:3000/
Completed 302 Found in 159ms (ActiveRecord: 3.3ms)


Started GET "/" for 127.0.0.1 at 2017-10-14 17:28:05 -0700
Processing by VisitorsController#index as HTML
  Rendering visitors/index.html.erb within layouts/application
  [1m[35m (0.3ms)[0m  [1m[34mSELECT COUNT(*) FROM "users"[0m
  Rendered visitors/index.html.erb within layouts/application (1.2ms)
  Rendered layouts/_navigation_links.html.erb (0.4ms)
  [1m[36mUser Load (0.4ms)[0m  [1m[34mSELECT  "users".* FROM "users" WHERE "users"."id" = $1 ORDER BY "users"."id" ASC LIMIT $2[0m  [["id", 2], ["LIMIT", 1]]
  Rendered layouts/_nav_links_for_auth.html.erb (2.0ms)
  Rendered layouts/_navigation.html.erb (4.8ms)
  Rendered layouts/_messages.html.erb (0.8ms)
Completed 200 OK in 49ms (Views: 46.0ms | ActiveRecord: 0.7ms)


Started GET "/" for 127.0.0.1 at 2017-10-14 17:28:10 -0700
Processing by VisitorsController#index as HTML
  Rendering visitors/index.html.erb within layouts/application
  [1m[35m (16.3ms)[0m  [1m[34mSELECT COUNT(*) FROM "users"[0m
  Rendered visitors/index.html.erb within layouts/application (18.1ms)
  Rendered layouts/_navigation_links.html.erb (0.7ms)
  [1m[36mUser Load (0.4ms)[0m  [1m[34mSELECT  "users".* FROM "users" WHERE "users"."id" = $1 ORDER BY "users"."id" ASC LIMIT $2[0m  [["id", 2], ["LIMIT", 1]]
  Rendered layouts/_nav_links_for_auth.html.erb (2.7ms)
  Rendered layouts/_navigation.html.erb (7.8ms)
  Rendered layouts/_messages.html.erb (0.4ms)
Completed 200 OK in 83ms (Views: 63.8ms | ActiveRecord: 16.8ms)


Started GET "/users" for 127.0.0.1 at 2017-10-14 17:28:10 -0700
Processing by UsersController#index as HTML
  [1m[36mUser Load (0.6ms)[0m  [1m[34mSELECT  "users".* FROM "users" WHERE "users"."id" = $1 ORDER BY "users"."id" ASC LIMIT $2[0m  [["id", 2], ["LIMIT", 1]]
  Rendering users/index.html.erb within layouts/application
  [1m[36mUser Load (0.4ms)[0m  [1m[34mSELECT "users".* FROM "users"[0m
  Rendered users/_user.html.erb (1.1ms)
  Rendered users/_user.html.erb (0.3ms)
  Rendered users/index.html.erb within layouts/application (6.8ms)
  Rendered layouts/_navigation_links.html.erb (0.5ms)
  Rendered layouts/_nav_links_for_auth.html.erb (0.8ms)
  Rendered layouts/_navigation.html.erb (4.9ms)
  Rendered layouts/_messages.html.erb (0.5ms)
Completed 200 OK in 87ms (Views: 83.0ms | ActiveRecord: 1.0ms)


Started GET "/" for 127.0.0.1 at 2017-10-14 17:28:13 -0700
Processing by VisitorsController#index as HTML
  Rendering visitors/index.html.erb within layouts/application
  [1m[35m (37.0ms)[0m  [1m[34mSELECT COUNT(*) FROM "users"[0m
  Rendered visitors/index.html.erb within layouts/application (38.4ms)
  Rendered layouts/_navigation_links.html.erb (0.6ms)
  [1m[36mUser Load (0.4ms)[0m  [1m[34mSELECT  "users".* FROM "users" WHERE "users"."id" = $1 ORDER BY "users"."id" ASC LIMIT $2[0m  [["id", 2], ["LIMIT", 1]]
  Rendered layouts/_nav_links_for_auth.html.erb (2.2ms)
  Rendered layouts/_navigation.html.erb (11.3ms)
  Rendered layouts/_messages.html.erb (0.5ms)
Completed 200 OK in 130ms (Views: 91.1ms | ActiveRecord: 37.4ms)


Started GET "/" for 127.0.0.1 at 2017-10-14 17:28:44 -0700
Processing by VisitorsController#index as HTML
  Rendering visitors/index.html.erb within layouts/application
  [1m[35m (0.8ms)[0m  [1m[34mSELECT COUNT(*) FROM "users"[0m
  Rendered visitors/index.html.erb within layouts/application (2.1ms)
  Rendered layouts/_navigation_links.html.erb (0.3ms)
  [1m[36mUser Load (0.4ms)[0m  [1m[34mSELECT  "users".* FROM "users" WHERE "users"."id" = $1 ORDER BY "users"."id" ASC LIMIT $2[0m  [["id", 2], ["LIMIT", 1]]
  Rendered layouts/_nav_links_for_auth.html.erb (2.1ms)
  Rendered layouts/_navigation.html.erb (5.0ms)
  Rendered layouts/_messages.html.erb (0.4ms)
Completed 200 OK in 92ms (Views: 89.6ms | ActiveRecord: 1.2ms)


Started GET "/pages/about" for 127.0.0.1 at 2017-10-14 17:28:44 -0700
Processing by HighVoltage::PagesController#show as HTML
  Parameters: {"id"=>"about"}
  Rendering pages/about.html.erb within layouts/application
  Rendered pages/about.html.erb within layouts/application (0.7ms)
  Rendered layouts/_navigation_links.html.erb (0.5ms)
  [1m[36mUser Load (0.3ms)[0m  [1m[34mSELECT  "users".* FROM "users" WHERE "users"."id" = $1 ORDER BY "users"."id" ASC LIMIT $2[0m  [["id", 2], ["LIMIT", 1]]
  Rendered layouts/_nav_links_for_auth.html.erb (2.0ms)
  Rendered layouts/_navigation.html.erb (5.8ms)
  Rendered layouts/_messages.html.erb (0.4ms)
Completed 200 OK in 74ms (Views: 73.2ms | ActiveRecord: 0.3ms)


Started GET "/users/edit" for 127.0.0.1 at 2017-10-14 17:28:45 -0700
Processing by Devise::RegistrationsController#edit as HTML
  [1m[36mUser Load (0.3ms)[0m  [1m[34mSELECT  "users".* FROM "users" WHERE "users"."id" = $1 ORDER BY "users"."id" ASC LIMIT $2[0m  [["id", 2], ["LIMIT", 1]]
  Rendering devise/registrations/edit.html.erb within layouts/application
  Rendered devise/registrations/edit.html.erb within layouts/application (4.9ms)
  Rendered layouts/_navigation_links.html.erb (0.4ms)
  Rendered layouts/_nav_links_for_auth.html.erb (0.8ms)
  Rendered layouts/_navigation.html.erb (3.7ms)
  Rendered layouts/_messages.html.erb (0.4ms)
Completed 200 OK in 87ms (Views: 85.1ms | ActiveRecord: 0.3ms)


Started DELETE "/users/sign_out" for 127.0.0.1 at 2017-10-14 17:28:46 -0700
Processing by Devise::SessionsController#destroy as HTML
  Parameters: {"authenticity_token"=>"ViULQx0TrcvbA/bxWxWqpgRoJ1C8BVkwXZWWNwsS3KTWR3rk74QDHH7fQ3PAwFAt32qAuzt0gsiRo4TmAAR8Tg=="}
  [1m[36mUser Load (0.4ms)[0m  [1m[34mSELECT  "users".* FROM "users" WHERE "users"."id" = $1 ORDER BY "users"."id" ASC LIMIT $2[0m  [["id", 2], ["LIMIT", 1]]
  [1m[35m (0.1ms)[0m  [1m[35mBEGIN[0m
  [1m[35m (0.1ms)[0m  [1m[35mCOMMIT[0m
Redirected to http://localhost:3000/
Completed 302 Found in 7ms (ActiveRecord: 0.6ms)


Started GET "/" for 127.0.0.1 at 2017-10-14 17:28:46 -0700
Processing by VisitorsController#index as HTML
  Rendering visitors/index.html.erb within layouts/application
  [1m[35m (0.3ms)[0m  [1m[34mSELECT COUNT(*) FROM "users"[0m
  Rendered visitors/index.html.erb within layouts/application (1.2ms)
  Rendered layouts/_navigation_links.html.erb (0.6ms)
  Rendered layouts/_nav_links_for_auth.html.erb (0.9ms)
  Rendered layouts/_navigation.html.erb (4.8ms)
  Rendered layouts/_messages.html.erb (0.4ms)
Completed 200 OK in 52ms (Views: 50.2ms | ActiveRecord: 0.3ms)


Started GET "/users/sign_up" for 127.0.0.1 at 2017-10-14 17:28:48 -0700
Processing by Devise::RegistrationsController#new as HTML
  Rendering devise/registrations/new.html.erb within layouts/application
  Rendered devise/registrations/new.html.erb within layouts/application (3.4ms)
  Rendered layouts/_navigation_links.html.erb (0.5ms)
  Rendered layouts/_nav_links_for_auth.html.erb (0.7ms)
  Rendered layouts/_navigation.html.erb (3.6ms)
  Rendered layouts/_messages.html.erb (0.5ms)
Completed 200 OK in 79ms (Views: 77.7ms | ActiveRecord: 0.0ms)


Started GET "/" for 127.0.0.1 at 2017-10-14 17:28:51 -0700
Processing by VisitorsController#index as HTML
  Rendering visitors/index.html.erb within layouts/application
  [1m[35m (1.3ms)[0m  [1m[34mSELECT COUNT(*) FROM "users"[0m
  Rendered visitors/index.html.erb within layouts/application (2.9ms)
  Rendered layouts/_navigation_links.html.erb (0.3ms)
  Rendered layouts/_nav_links_for_auth.html.erb (0.6ms)
  Rendered layouts/_navigation.html.erb (3.4ms)
  Rendered layouts/_messages.html.erb (0.4ms)
Completed 200 OK in 113ms (Views: 109.5ms | ActiveRecord: 1.3ms)


